{
  "stats": {
    "suites": 1,
    "tests": 2,
    "passes": 1,
    "pending": 0,
    "failures": 1,
    "start": "2024-05-11T14:32:51.169Z",
    "end": "2024-05-11T14:33:02.861Z",
    "duration": 11692,
    "testsRegistered": 2,
    "passPercent": 50,
    "pendingPercent": 0,
    "other": 0,
    "hasOther": false,
    "skipped": 0,
    "hasSkipped": false
  },
  "results": [
    {
      "uuid": "ee50fa12-7695-45c5-9278-539158e47c8e",
      "title": "",
      "fullFile": "cypress/e2e/loginWithCypressCommand.cy.js",
      "file": "cypress/e2e/loginWithCypressCommand.cy.js",
      "beforeHooks": [],
      "afterHooks": [],
      "tests": [],
      "suites": [
        {
          "uuid": "51d60d7a-dda0-43f7-aad3-35c51f816bf1",
          "title": "Login Feature With the use of cypress Command",
          "fullFile": "",
          "file": "",
          "beforeHooks": [],
          "afterHooks": [],
          "tests": [
            {
              "title": "Verify User Can Login with right Credentials",
              "fullTitle": "Login Feature With the use of cypress Command Verify User Can Login with right Credentials",
              "timedOut": null,
              "duration": 8593,
              "state": "failed",
              "speed": null,
              "pass": false,
              "fail": true,
              "pending": false,
              "context": null,
              "code": "cy.login(Cypress.env('USERNAME'), Cypress.env('PASSWORD'));\nloginPage.verifyLoginSuccess();",
              "err": {
                "message": "AssertionError: Timed out retrying after 4000ms: expected '<p.oxd-userdropdown-name>' to contain text 'user', but the text was 'Alaa Tester'",
                "estack": "AssertionError: Timed out retrying after 4000ms: expected '<p.oxd-userdropdown-name>' to contain text 'user', but the text was 'Alaa Tester'\n    at LoginPage.verifyLoginSuccess (webpack://spreadtest/./cypress/support/POM/loginData.js:21:50)\n    at Context.eval (webpack://spreadtest/./cypress/e2e/loginWithCypressCommand.cy.js:9:18)",
                "diff": "- 'Alaa Tester'\n+ 'user'\n"
              },
              "uuid": "b8837de9-a490-48f5-ae18-a21c7697b31e",
              "parentUUID": "51d60d7a-dda0-43f7-aad3-35c51f816bf1",
              "isHook": false,
              "skipped": false
            },
            {
              "title": "Verify User Cannot Login with wrong Credentials",
              "fullTitle": "Login Feature With the use of cypress Command Verify User Cannot Login with wrong Credentials",
              "timedOut": null,
              "duration": 3036,
              "state": "passed",
              "speed": "fast",
              "pass": true,
              "fail": false,
              "pending": false,
              "context": null,
              "code": "const username = 'Admin';\nconst password = 'admin';\ncy.login(username, password);\nloginPage.verifyLoginFailure();",
              "err": {},
              "uuid": "ce93701d-dda8-4702-b3fa-afcc936995fb",
              "parentUUID": "51d60d7a-dda0-43f7-aad3-35c51f816bf1",
              "isHook": false,
              "skipped": false
            }
          ],
          "suites": [],
          "passes": [
            "ce93701d-dda8-4702-b3fa-afcc936995fb"
          ],
          "failures": [
            "b8837de9-a490-48f5-ae18-a21c7697b31e"
          ],
          "pending": [],
          "skipped": [],
          "duration": 11629,
          "root": false,
          "rootEmpty": false,
          "_timeout": 2000
        }
      ],
      "passes": [],
      "failures": [],
      "pending": [],
      "skipped": [],
      "duration": 0,
      "root": true,
      "rootEmpty": true,
      "_timeout": 2000
    }
  ],
  "meta": {
    "mocha": {
      "version": "7.0.1"
    },
    "mochawesome": {
      "options": {
        "quiet": false,
        "reportFilename": "mochawesome",
        "saveHtml": false,
        "saveJson": true,
        "consoleReporter": "spec",
        "useInlineDiffs": false,
        "code": true
      },
      "version": "7.1.3"
    },
    "marge": {
      "options": {
        "id": "default",
        "reportDir": "cypress/results/mochawesome",
        "quite": true,
        "overwrite": false,
        "html": false,
        "json": true
      },
      "version": "6.2.0"
    }
  }
}