{
  "stats": {
    "suites": 1,
    "tests": 2,
    "passes": 2,
    "pending": 0,
    "failures": 0,
    "start": "2024-05-11T15:30:16.543Z",
    "end": "2024-05-11T15:30:21.650Z",
    "duration": 5107,
    "testsRegistered": 2,
    "passPercent": 100,
    "pendingPercent": 0,
    "other": 0,
    "hasOther": false,
    "skipped": 0,
    "hasSkipped": false
  },
  "results": [
    {
      "uuid": "fb67f142-8fff-48ce-81a6-934b903abd46",
      "title": "",
      "fullFile": "cypress/e2e/loginWithCypressCommand.cy.js",
      "file": "cypress/e2e/loginWithCypressCommand.cy.js",
      "beforeHooks": [],
      "afterHooks": [],
      "tests": [],
      "suites": [
        {
          "uuid": "1adec828-49df-4cf2-9868-c684af1b216e",
          "title": "Login Feature With the use of cypress Command",
          "fullFile": "",
          "file": "",
          "beforeHooks": [],
          "afterHooks": [],
          "tests": [
            {
              "title": "Verify User Can Login with right Credentials",
              "fullTitle": "Login Feature With the use of cypress Command Verify User Can Login with right Credentials",
              "timedOut": null,
              "duration": 3015,
              "state": "passed",
              "speed": "fast",
              "pass": true,
              "fail": false,
              "pending": false,
              "context": null,
              "code": "cy.login(Cypress.env('USERNAME'), Cypress.env('PASSWORD'));\nloginPage.verifyLoginSuccess();",
              "err": {},
              "uuid": "656db160-7108-44cc-8647-60e43d5bdec1",
              "parentUUID": "1adec828-49df-4cf2-9868-c684af1b216e",
              "isHook": false,
              "skipped": false
            },
            {
              "title": "Verify User Cannot Login with wrong Credentials",
              "fullTitle": "Login Feature With the use of cypress Command Verify User Cannot Login with wrong Credentials",
              "timedOut": null,
              "duration": 2044,
              "state": "passed",
              "speed": "fast",
              "pass": true,
              "fail": false,
              "pending": false,
              "context": null,
              "code": "const username = 'Admin';\nconst password = 'admin';\ncy.login(username, password);\nloginPage.verifyLoginFailure();",
              "err": {},
              "uuid": "91149fce-8bcc-44f3-a038-61a4b4224875",
              "parentUUID": "1adec828-49df-4cf2-9868-c684af1b216e",
              "isHook": false,
              "skipped": false
            }
          ],
          "suites": [],
          "passes": [
            "656db160-7108-44cc-8647-60e43d5bdec1",
            "91149fce-8bcc-44f3-a038-61a4b4224875"
          ],
          "failures": [],
          "pending": [],
          "skipped": [],
          "duration": 5059,
          "root": false,
          "rootEmpty": false,
          "_timeout": 2000
        }
      ],
      "passes": [],
      "failures": [],
      "pending": [],
      "skipped": [],
      "duration": 0,
      "root": true,
      "rootEmpty": true,
      "_timeout": 2000
    }
  ],
  "meta": {
    "mocha": {
      "version": "7.0.1"
    },
    "mochawesome": {
      "options": {
        "quiet": false,
        "reportFilename": "mochawesome",
        "saveHtml": false,
        "saveJson": true,
        "consoleReporter": "spec",
        "useInlineDiffs": false,
        "code": true
      },
      "version": "7.1.3"
    },
    "marge": {
      "options": {
        "id": "default",
        "reportDir": "cypress/results/mochawesome",
        "quite": true,
        "overwrite": false,
        "html": false,
        "json": true
      },
      "version": "6.2.0"
    }
  }
}