{
  "stats": {
    "suites": 3,
    "tests": 6,
    "passes": 6,
    "pending": 0,
    "failures": 0,
    "testsRegistered": 6,
    "passPercent": 100,
    "pendingPercent": 0,
    "other": 0,
    "hasOther": false,
    "skipped": 0,
    "hasSkipped": false,
    "start": "2024-05-12T10:02:42.645Z",
    "end": "2024-05-12T10:02:59.603Z",
    "duration": 16958
  },
  "results": [
    {
      "uuid": "9d1d43ef-3e39-44f0-b8ab-214b4d6b5972",
      "title": "",
      "fullFile": "cypress/e2e/login.cy.js",
      "file": "cypress/e2e/login.cy.js",
      "beforeHooks": [],
      "afterHooks": [],
      "tests": [],
      "suites": [
        {
          "uuid": "3be5fb9e-a8f7-432e-a159-892b702fc70f",
          "title": "Login Feature",
          "fullFile": "",
          "file": "",
          "beforeHooks": [],
          "afterHooks": [],
          "tests": [
            {
              "title": "Verify User Can Login with right Credentials",
              "fullTitle": "Login Feature Verify User Can Login with right Credentials",
              "timedOut": null,
              "duration": 3919,
              "state": "passed",
              "speed": "fast",
              "pass": true,
              "fail": false,
              "pending": false,
              "context": null,
              "code": "cy.visit('/');\ncy.get('[src=\"/web/images/ohrm_branding.png?v=1711595107870\"]').should('be.visible');\ncy.get('[placeholder=\"Username\"]').type('Admin');\ncy.get('[placeholder=\"Password\"]').type('admin123');\ncy.get('[type=\"submit\"]').click();\ncy.url().should('include', 'dashboard');",
              "err": {},
              "uuid": "3d225b03-0e1e-4738-934a-49b86cbdf4d9",
              "parentUUID": "3be5fb9e-a8f7-432e-a159-892b702fc70f",
              "isHook": false,
              "skipped": false
            },
            {
              "title": "Verify User Cannot Login with wrong Credentials",
              "fullTitle": "Login Feature Verify User Cannot Login with wrong Credentials",
              "timedOut": null,
              "duration": 1515,
              "state": "passed",
              "speed": "fast",
              "pass": true,
              "fail": false,
              "pending": false,
              "context": null,
              "code": "cy.visit('/');\ncy.get('[src=\"/web/images/ohrm_branding.png?v=1711595107870\"]').should('be.visible');\ncy.get('[placeholder=\"Username\"]').type('Admin123');\ncy.get('[placeholder=\"Password\"]').type('admin123');\ncy.get('[type=\"submit\"]').click();\ncy.url().should('include', 'auth/login');",
              "err": {},
              "uuid": "56f345fa-6aac-4c88-bc32-af6fee55cc1d",
              "parentUUID": "3be5fb9e-a8f7-432e-a159-892b702fc70f",
              "isHook": false,
              "skipped": false
            }
          ],
          "suites": [],
          "passes": [
            "3d225b03-0e1e-4738-934a-49b86cbdf4d9",
            "56f345fa-6aac-4c88-bc32-af6fee55cc1d"
          ],
          "failures": [],
          "pending": [],
          "skipped": [],
          "duration": 5434,
          "root": false,
          "rootEmpty": false,
          "_timeout": 2000
        }
      ],
      "passes": [],
      "failures": [],
      "pending": [],
      "skipped": [],
      "duration": 0,
      "root": true,
      "rootEmpty": true,
      "_timeout": 2000
    },
    {
      "uuid": "2a8881fa-7656-43a0-b981-3d5a79368ec5",
      "title": "",
      "fullFile": "cypress/e2e/loginWithCypressCommand.cy.js",
      "file": "cypress/e2e/loginWithCypressCommand.cy.js",
      "beforeHooks": [],
      "afterHooks": [],
      "tests": [],
      "suites": [
        {
          "uuid": "f7213514-f004-492e-ab12-e319fec970e1",
          "title": "Login Feature With the use of cypress Command",
          "fullFile": "",
          "file": "",
          "beforeHooks": [],
          "afterHooks": [],
          "tests": [
            {
              "title": "Verify User Can Login with right Credentials",
              "fullTitle": "Login Feature With the use of cypress Command Verify User Can Login with right Credentials",
              "timedOut": null,
              "duration": 3036,
              "state": "passed",
              "speed": "fast",
              "pass": true,
              "fail": false,
              "pending": false,
              "context": null,
              "code": "cy.login(Cypress.env('USERNAME'), Cypress.env('PASSWORD'));\nloginPage.verifyLoginSuccess();",
              "err": {},
              "uuid": "0c6b4e7b-1a83-47d5-a799-9d181db1cf7c",
              "parentUUID": "f7213514-f004-492e-ab12-e319fec970e1",
              "isHook": false,
              "skipped": false
            },
            {
              "title": "Verify User Cannot Login with wrong Credentials",
              "fullTitle": "Login Feature With the use of cypress Command Verify User Cannot Login with wrong Credentials",
              "timedOut": null,
              "duration": 2091,
              "state": "passed",
              "speed": "fast",
              "pass": true,
              "fail": false,
              "pending": false,
              "context": null,
              "code": "const username = 'Admin';\nconst password = 'admin';\ncy.login(username, password);\nloginPage.verifyLoginFailure();",
              "err": {},
              "uuid": "51321a69-d9ae-4b75-855f-08631dba31cd",
              "parentUUID": "f7213514-f004-492e-ab12-e319fec970e1",
              "isHook": false,
              "skipped": false
            }
          ],
          "suites": [],
          "passes": [
            "0c6b4e7b-1a83-47d5-a799-9d181db1cf7c",
            "51321a69-d9ae-4b75-855f-08631dba31cd"
          ],
          "failures": [],
          "pending": [],
          "skipped": [],
          "duration": 5127,
          "root": false,
          "rootEmpty": false,
          "_timeout": 2000
        }
      ],
      "passes": [],
      "failures": [],
      "pending": [],
      "skipped": [],
      "duration": 0,
      "root": true,
      "rootEmpty": true,
      "_timeout": 2000
    },
    {
      "uuid": "96659f71-7910-4aa4-9776-0c2ebc3e5eb7",
      "title": "",
      "fullFile": "cypress/e2e/loginWithPom.cy.js",
      "file": "cypress/e2e/loginWithPom.cy.js",
      "beforeHooks": [],
      "afterHooks": [],
      "tests": [],
      "suites": [
        {
          "uuid": "9c77435d-e581-4e5b-af8c-9b550bc3ad1d",
          "title": "Login Feature With POM",
          "fullFile": "",
          "file": "",
          "beforeHooks": [],
          "afterHooks": [],
          "tests": [
            {
              "title": "Verify User Can Login with right Credentials",
              "fullTitle": "Login Feature With POM Verify User Can Login with right Credentials",
              "timedOut": null,
              "duration": 2698,
              "state": "passed",
              "speed": "fast",
              "pass": true,
              "fail": false,
              "pending": false,
              "context": null,
              "code": "loginPage.visitLoginPage();\nloginPage.fillLoginValuesAndClickBtn(Cypress.env('USERNAME'), Cypress.env('PASSWORD'));\nloginPage.verifyLoginSuccess();",
              "err": {},
              "uuid": "a5525b86-89dc-4c6e-81cf-0d8ec3d1f09b",
              "parentUUID": "9c77435d-e581-4e5b-af8c-9b550bc3ad1d",
              "isHook": false,
              "skipped": false
            },
            {
              "title": "Verify User Cannot Login with wrong Credentials",
              "fullTitle": "Login Feature With POM Verify User Cannot Login with wrong Credentials",
              "timedOut": null,
              "duration": 1992,
              "state": "passed",
              "speed": "fast",
              "pass": true,
              "fail": false,
              "pending": false,
              "context": null,
              "code": "loginPage.visitLoginPage();\nloginPage.fillLoginValuesAndClickBtn('Admin', 'Admin');\nloginPage.verifyLoginFailure();",
              "err": {},
              "uuid": "0950805c-e0e8-45e3-a647-d54a426bf569",
              "parentUUID": "9c77435d-e581-4e5b-af8c-9b550bc3ad1d",
              "isHook": false,
              "skipped": false
            }
          ],
          "suites": [],
          "passes": [
            "a5525b86-89dc-4c6e-81cf-0d8ec3d1f09b",
            "0950805c-e0e8-45e3-a647-d54a426bf569"
          ],
          "failures": [],
          "pending": [],
          "skipped": [],
          "duration": 4690,
          "root": false,
          "rootEmpty": false,
          "_timeout": 2000
        }
      ],
      "passes": [],
      "failures": [],
      "pending": [],
      "skipped": [],
      "duration": 0,
      "root": true,
      "rootEmpty": true,
      "_timeout": 2000
    }
  ],
  "meta": {
    "mocha": {
      "version": "7.0.1"
    },
    "mochawesome": {
      "options": {
        "quiet": false,
        "reportFilename": "mochawesome",
        "saveHtml": false,
        "saveJson": true,
        "consoleReporter": "spec",
        "useInlineDiffs": false,
        "code": true
      },
      "version": "7.1.3"
    },
    "marge": {
      "options": {
        "id": "default",
        "reportDir": "cypress/results/mochawesome",
        "quite": true,
        "overwrite": false,
        "html": false,
        "json": true
      },
      "version": "6.2.0"
    }
  }
}