{
  "stats": {
    "suites": 1,
    "tests": 2,
    "passes": 2,
    "pending": 0,
    "failures": 0,
    "start": "2024-05-11T14:32:45.986Z",
    "end": "2024-05-11T14:32:50.380Z",
    "duration": 4394,
    "testsRegistered": 2,
    "passPercent": 100,
    "pendingPercent": 0,
    "other": 0,
    "hasOther": false,
    "skipped": 0,
    "hasSkipped": false
  },
  "results": [
    {
      "uuid": "2282ef8f-5d4d-43da-a514-abfb6cc66fd2",
      "title": "",
      "fullFile": "cypress/e2e/login.cy.js",
      "file": "cypress/e2e/login.cy.js",
      "beforeHooks": [],
      "afterHooks": [],
      "tests": [],
      "suites": [
        {
          "uuid": "81687b07-0d62-4cb9-a3c3-ff7a60195505",
          "title": "Login Feature",
          "fullFile": "",
          "file": "",
          "beforeHooks": [],
          "afterHooks": [],
          "tests": [
            {
              "title": "Verify User Can Login with right Credentials",
              "fullTitle": "Login Feature Verify User Can Login with right Credentials",
              "timedOut": null,
              "duration": 2828,
              "state": "passed",
              "speed": "fast",
              "pass": true,
              "fail": false,
              "pending": false,
              "context": null,
              "code": "cy.visit('/');\ncy.get('[src=\"/web/images/ohrm_branding.png?v=1711595107870\"]').should('be.visible');\ncy.get('[placeholder=\"Username\"]').type('Admin');\ncy.get('[placeholder=\"Password\"]').type('admin123');\ncy.get('[type=\"submit\"]').click();\ncy.url().should('include', 'dashboard');",
              "err": {},
              "uuid": "783ed85a-4aea-428c-880a-b900f820548e",
              "parentUUID": "81687b07-0d62-4cb9-a3c3-ff7a60195505",
              "isHook": false,
              "skipped": false
            },
            {
              "title": "Verify User Cannot Login with wrong Credentials",
              "fullTitle": "Login Feature Verify User Cannot Login with wrong Credentials",
              "timedOut": null,
              "duration": 1539,
              "state": "passed",
              "speed": "fast",
              "pass": true,
              "fail": false,
              "pending": false,
              "context": null,
              "code": "cy.visit('/');\ncy.get('[src=\"/web/images/ohrm_branding.png?v=1711595107870\"]').should('be.visible');\ncy.get('[placeholder=\"Username\"]').type('Admin123');\ncy.get('[placeholder=\"Password\"]').type('admin123');\ncy.get('[type=\"submit\"]').click();\ncy.url().should('include', 'auth/login');",
              "err": {},
              "uuid": "406b7f78-1176-47fe-8620-091be77b5344",
              "parentUUID": "81687b07-0d62-4cb9-a3c3-ff7a60195505",
              "isHook": false,
              "skipped": false
            }
          ],
          "suites": [],
          "passes": [
            "783ed85a-4aea-428c-880a-b900f820548e",
            "406b7f78-1176-47fe-8620-091be77b5344"
          ],
          "failures": [],
          "pending": [],
          "skipped": [],
          "duration": 4367,
          "root": false,
          "rootEmpty": false,
          "_timeout": 2000
        }
      ],
      "passes": [],
      "failures": [],
      "pending": [],
      "skipped": [],
      "duration": 0,
      "root": true,
      "rootEmpty": true,
      "_timeout": 2000
    }
  ],
  "meta": {
    "mocha": {
      "version": "7.0.1"
    },
    "mochawesome": {
      "options": {
        "quiet": false,
        "reportFilename": "mochawesome",
        "saveHtml": false,
        "saveJson": true,
        "consoleReporter": "spec",
        "useInlineDiffs": false,
        "code": true
      },
      "version": "7.1.3"
    },
    "marge": {
      "options": {
        "id": "default",
        "reportDir": "cypress/results/mochawesome",
        "quite": true,
        "overwrite": false,
        "html": false,
        "json": true
      },
      "version": "6.2.0"
    }
  }
}