{
  "stats": {
    "suites": 1,
    "tests": 2,
    "passes": 1,
    "pending": 0,
    "failures": 1,
    "start": "2024-05-11T14:40:49.581Z",
    "end": "2024-05-11T14:40:59.280Z",
    "duration": 9699,
    "testsRegistered": 2,
    "passPercent": 50,
    "pendingPercent": 0,
    "other": 0,
    "hasOther": false,
    "skipped": 0,
    "hasSkipped": false
  },
  "results": [
    {
      "uuid": "2562939b-be05-45d5-8195-a8de371224bc",
      "title": "",
      "fullFile": "cypress/e2e/loginWithCypressCommand.cy.js",
      "file": "cypress/e2e/loginWithCypressCommand.cy.js",
      "beforeHooks": [],
      "afterHooks": [],
      "tests": [],
      "suites": [
        {
          "uuid": "bfe32190-cc4a-4541-b436-7f2eb22f85d3",
          "title": "Login Feature With the use of cypress Command",
          "fullFile": "",
          "file": "",
          "beforeHooks": [],
          "afterHooks": [],
          "tests": [
            {
              "title": "Verify User Can Login with right Credentials",
              "fullTitle": "Login Feature With the use of cypress Command Verify User Can Login with right Credentials",
              "timedOut": null,
              "duration": 7634,
              "state": "failed",
              "speed": null,
              "pass": false,
              "fail": true,
              "pending": false,
              "context": null,
              "code": "cy.login(Cypress.env('USERNAME'), Cypress.env('PASSWORD'));\nloginPage.verifyLoginSuccess();",
              "err": {
                "message": "AssertionError: Timed out retrying after 4000ms: expected '<p.oxd-userdropdown-name>' to contain text 'user', but the text was 'kZheZGsnjTCcobjuL Tester'",
                "estack": "AssertionError: Timed out retrying after 4000ms: expected '<p.oxd-userdropdown-name>' to contain text 'user', but the text was 'kZheZGsnjTCcobjuL Tester'\n    at LoginPage.verifyLoginSuccess (webpack://spreadtest/./cypress/support/POM/loginData.js:21:50)\n    at Context.eval (webpack://spreadtest/./cypress/e2e/loginWithCypressCommand.cy.js:9:18)",
                "diff": "- 'kZheZGsnjTCcobjuL Tester'\n+ 'user'\n"
              },
              "uuid": "85446d83-0c72-4655-9699-3b02d5214b17",
              "parentUUID": "bfe32190-cc4a-4541-b436-7f2eb22f85d3",
              "isHook": false,
              "skipped": false
            },
            {
              "title": "Verify User Cannot Login with wrong Credentials",
              "fullTitle": "Login Feature With the use of cypress Command Verify User Cannot Login with wrong Credentials",
              "timedOut": null,
              "duration": 2004,
              "state": "passed",
              "speed": "fast",
              "pass": true,
              "fail": false,
              "pending": false,
              "context": null,
              "code": "const username = 'Admin';\nconst password = 'admin';\ncy.login(username, password);\nloginPage.verifyLoginFailure();",
              "err": {},
              "uuid": "67abdbf9-716c-493b-9d65-837170f6bad6",
              "parentUUID": "bfe32190-cc4a-4541-b436-7f2eb22f85d3",
              "isHook": false,
              "skipped": false
            }
          ],
          "suites": [],
          "passes": [
            "67abdbf9-716c-493b-9d65-837170f6bad6"
          ],
          "failures": [
            "85446d83-0c72-4655-9699-3b02d5214b17"
          ],
          "pending": [],
          "skipped": [],
          "duration": 9638,
          "root": false,
          "rootEmpty": false,
          "_timeout": 2000
        }
      ],
      "passes": [],
      "failures": [],
      "pending": [],
      "skipped": [],
      "duration": 0,
      "root": true,
      "rootEmpty": true,
      "_timeout": 2000
    }
  ],
  "meta": {
    "mocha": {
      "version": "7.0.1"
    },
    "mochawesome": {
      "options": {
        "quiet": false,
        "reportFilename": "mochawesome",
        "saveHtml": false,
        "saveJson": true,
        "consoleReporter": "spec",
        "useInlineDiffs": false,
        "code": true
      },
      "version": "7.1.3"
    },
    "marge": {
      "options": {
        "id": "default",
        "reportDir": "cypress/results/mochawesome",
        "quite": true,
        "overwrite": false,
        "html": false,
        "json": true
      },
      "version": "6.2.0"
    }
  }
}