{
  "stats": {
    "suites": 1,
    "tests": 2,
    "passes": 2,
    "pending": 0,
    "failures": 0,
    "start": "2024-05-11T15:30:22.461Z",
    "end": "2024-05-11T15:30:27.184Z",
    "duration": 4723,
    "testsRegistered": 2,
    "passPercent": 100,
    "pendingPercent": 0,
    "other": 0,
    "hasOther": false,
    "skipped": 0,
    "hasSkipped": false
  },
  "results": [
    {
      "uuid": "a5a91b0f-7f28-447b-a9ef-464d06e66ab3",
      "title": "",
      "fullFile": "cypress/e2e/loginWithPom.cy.js",
      "file": "cypress/e2e/loginWithPom.cy.js",
      "beforeHooks": [],
      "afterHooks": [],
      "tests": [],
      "suites": [
        {
          "uuid": "b5b6ab94-08bf-48ae-b14c-e7576459a041",
          "title": "Login Feature With POM",
          "fullFile": "",
          "file": "",
          "beforeHooks": [],
          "afterHooks": [],
          "tests": [
            {
              "title": "Verify User Can Login with right Credentials",
              "fullTitle": "Login Feature With POM Verify User Can Login with right Credentials",
              "timedOut": null,
              "duration": 2733,
              "state": "passed",
              "speed": "fast",
              "pass": true,
              "fail": false,
              "pending": false,
              "context": null,
              "code": "loginPage.visitLoginPage();\nloginPage.fillLoginValuesAndClickBtn(Cypress.env('USERNAME'), Cypress.env('PASSWORD'));\nloginPage.verifyLoginSuccess();",
              "err": {},
              "uuid": "3279c0b1-78c2-42dd-b985-23aa9487fb47",
              "parentUUID": "b5b6ab94-08bf-48ae-b14c-e7576459a041",
              "isHook": false,
              "skipped": false
            },
            {
              "title": "Verify User Cannot Login with wrong Credentials",
              "fullTitle": "Login Feature With POM Verify User Cannot Login with wrong Credentials",
              "timedOut": null,
              "duration": 1944,
              "state": "passed",
              "speed": "fast",
              "pass": true,
              "fail": false,
              "pending": false,
              "context": null,
              "code": "loginPage.visitLoginPage();\nloginPage.fillLoginValuesAndClickBtn('Admin', 'Admin');\nloginPage.verifyLoginFailure();",
              "err": {},
              "uuid": "aac84e5e-3f9a-4773-9bf4-cc99a15e699d",
              "parentUUID": "b5b6ab94-08bf-48ae-b14c-e7576459a041",
              "isHook": false,
              "skipped": false
            }
          ],
          "suites": [],
          "passes": [
            "3279c0b1-78c2-42dd-b985-23aa9487fb47",
            "aac84e5e-3f9a-4773-9bf4-cc99a15e699d"
          ],
          "failures": [],
          "pending": [],
          "skipped": [],
          "duration": 4677,
          "root": false,
          "rootEmpty": false,
          "_timeout": 2000
        }
      ],
      "passes": [],
      "failures": [],
      "pending": [],
      "skipped": [],
      "duration": 0,
      "root": true,
      "rootEmpty": true,
      "_timeout": 2000
    }
  ],
  "meta": {
    "mocha": {
      "version": "7.0.1"
    },
    "mochawesome": {
      "options": {
        "quiet": false,
        "reportFilename": "mochawesome",
        "saveHtml": false,
        "saveJson": true,
        "consoleReporter": "spec",
        "useInlineDiffs": false,
        "code": true
      },
      "version": "7.1.3"
    },
    "marge": {
      "options": {
        "id": "default",
        "reportDir": "cypress/results/mochawesome",
        "quite": true,
        "overwrite": false,
        "html": false,
        "json": true
      },
      "version": "6.2.0"
    }
  }
}