{
  "stats": {
    "suites": 1,
    "tests": 2,
    "passes": 2,
    "pending": 0,
    "failures": 0,
    "start": "2024-05-11T14:40:43.229Z",
    "end": "2024-05-11T14:40:48.771Z",
    "duration": 5542,
    "testsRegistered": 2,
    "passPercent": 100,
    "pendingPercent": 0,
    "other": 0,
    "hasOther": false,
    "skipped": 0,
    "hasSkipped": false
  },
  "results": [
    {
      "uuid": "a69d8ab0-6ae2-46be-b0b0-562786155331",
      "title": "",
      "fullFile": "cypress/e2e/login.cy.js",
      "file": "cypress/e2e/login.cy.js",
      "beforeHooks": [],
      "afterHooks": [],
      "tests": [],
      "suites": [
        {
          "uuid": "29edf884-b725-44a2-85ca-b91db49117a2",
          "title": "Login Feature",
          "fullFile": "",
          "file": "",
          "beforeHooks": [],
          "afterHooks": [],
          "tests": [
            {
              "title": "Verify User Can Login with right Credentials",
              "fullTitle": "Login Feature Verify User Can Login with right Credentials",
              "timedOut": null,
              "duration": 3932,
              "state": "passed",
              "speed": "fast",
              "pass": true,
              "fail": false,
              "pending": false,
              "context": null,
              "code": "cy.visit('/');\ncy.get('[src=\"/web/images/ohrm_branding.png?v=1711595107870\"]').should('be.visible');\ncy.get('[placeholder=\"Username\"]').type('Admin');\ncy.get('[placeholder=\"Password\"]').type('admin123');\ncy.get('[type=\"submit\"]').click();\ncy.url().should('include', 'dashboard');",
              "err": {},
              "uuid": "849dba77-e640-42ba-ba26-949083029dc5",
              "parentUUID": "29edf884-b725-44a2-85ca-b91db49117a2",
              "isHook": false,
              "skipped": false
            },
            {
              "title": "Verify User Cannot Login with wrong Credentials",
              "fullTitle": "Login Feature Verify User Cannot Login with wrong Credentials",
              "timedOut": null,
              "duration": 1581,
              "state": "passed",
              "speed": "fast",
              "pass": true,
              "fail": false,
              "pending": false,
              "context": null,
              "code": "cy.visit('/');\ncy.get('[src=\"/web/images/ohrm_branding.png?v=1711595107870\"]').should('be.visible');\ncy.get('[placeholder=\"Username\"]').type('Admin123');\ncy.get('[placeholder=\"Password\"]').type('admin123');\ncy.get('[type=\"submit\"]').click();\ncy.url().should('include', 'auth/login');",
              "err": {},
              "uuid": "786f58c3-0f75-4c0a-be4f-a530ba4defd5",
              "parentUUID": "29edf884-b725-44a2-85ca-b91db49117a2",
              "isHook": false,
              "skipped": false
            }
          ],
          "suites": [],
          "passes": [
            "849dba77-e640-42ba-ba26-949083029dc5",
            "786f58c3-0f75-4c0a-be4f-a530ba4defd5"
          ],
          "failures": [],
          "pending": [],
          "skipped": [],
          "duration": 5513,
          "root": false,
          "rootEmpty": false,
          "_timeout": 2000
        }
      ],
      "passes": [],
      "failures": [],
      "pending": [],
      "skipped": [],
      "duration": 0,
      "root": true,
      "rootEmpty": true,
      "_timeout": 2000
    }
  ],
  "meta": {
    "mocha": {
      "version": "7.0.1"
    },
    "mochawesome": {
      "options": {
        "quiet": false,
        "reportFilename": "mochawesome",
        "saveHtml": false,
        "saveJson": true,
        "consoleReporter": "spec",
        "useInlineDiffs": false,
        "code": true
      },
      "version": "7.1.3"
    },
    "marge": {
      "options": {
        "id": "default",
        "reportDir": "cypress/results/mochawesome",
        "quite": true,
        "overwrite": false,
        "html": false,
        "json": true
      },
      "version": "6.2.0"
    }
  }
}