{
  "stats": {
    "suites": 1,
    "tests": 2,
    "passes": 2,
    "pending": 0,
    "failures": 0,
    "start": "2024-05-12T10:02:48.911Z",
    "end": "2024-05-12T10:02:54.081Z",
    "duration": 5170,
    "testsRegistered": 2,
    "passPercent": 100,
    "pendingPercent": 0,
    "other": 0,
    "hasOther": false,
    "skipped": 0,
    "hasSkipped": false
  },
  "results": [
    {
      "uuid": "2a8881fa-7656-43a0-b981-3d5a79368ec5",
      "title": "",
      "fullFile": "cypress/e2e/loginWithCypressCommand.cy.js",
      "file": "cypress/e2e/loginWithCypressCommand.cy.js",
      "beforeHooks": [],
      "afterHooks": [],
      "tests": [],
      "suites": [
        {
          "uuid": "f7213514-f004-492e-ab12-e319fec970e1",
          "title": "Login Feature With the use of cypress Command",
          "fullFile": "",
          "file": "",
          "beforeHooks": [],
          "afterHooks": [],
          "tests": [
            {
              "title": "Verify User Can Login with right Credentials",
              "fullTitle": "Login Feature With the use of cypress Command Verify User Can Login with right Credentials",
              "timedOut": null,
              "duration": 3036,
              "state": "passed",
              "speed": "fast",
              "pass": true,
              "fail": false,
              "pending": false,
              "context": null,
              "code": "cy.login(Cypress.env('USERNAME'), Cypress.env('PASSWORD'));\nloginPage.verifyLoginSuccess();",
              "err": {},
              "uuid": "0c6b4e7b-1a83-47d5-a799-9d181db1cf7c",
              "parentUUID": "f7213514-f004-492e-ab12-e319fec970e1",
              "isHook": false,
              "skipped": false
            },
            {
              "title": "Verify User Cannot Login with wrong Credentials",
              "fullTitle": "Login Feature With the use of cypress Command Verify User Cannot Login with wrong Credentials",
              "timedOut": null,
              "duration": 2091,
              "state": "passed",
              "speed": "fast",
              "pass": true,
              "fail": false,
              "pending": false,
              "context": null,
              "code": "const username = 'Admin';\nconst password = 'admin';\ncy.login(username, password);\nloginPage.verifyLoginFailure();",
              "err": {},
              "uuid": "51321a69-d9ae-4b75-855f-08631dba31cd",
              "parentUUID": "f7213514-f004-492e-ab12-e319fec970e1",
              "isHook": false,
              "skipped": false
            }
          ],
          "suites": [],
          "passes": [
            "0c6b4e7b-1a83-47d5-a799-9d181db1cf7c",
            "51321a69-d9ae-4b75-855f-08631dba31cd"
          ],
          "failures": [],
          "pending": [],
          "skipped": [],
          "duration": 5127,
          "root": false,
          "rootEmpty": false,
          "_timeout": 2000
        }
      ],
      "passes": [],
      "failures": [],
      "pending": [],
      "skipped": [],
      "duration": 0,
      "root": true,
      "rootEmpty": true,
      "_timeout": 2000
    }
  ],
  "meta": {
    "mocha": {
      "version": "7.0.1"
    },
    "mochawesome": {
      "options": {
        "quiet": false,
        "reportFilename": "mochawesome",
        "saveHtml": false,
        "saveJson": true,
        "consoleReporter": "spec",
        "useInlineDiffs": false,
        "code": true
      },
      "version": "7.1.3"
    },
    "marge": {
      "options": {
        "id": "default",
        "reportDir": "cypress/results/mochawesome",
        "quite": true,
        "overwrite": false,
        "html": false,
        "json": true
      },
      "version": "6.2.0"
    }
  }
}