{
  "stats": {
    "suites": 1,
    "tests": 2,
    "passes": 2,
    "pending": 0,
    "failures": 0,
    "start": "2024-05-11T14:48:04.774Z",
    "end": "2024-05-11T14:48:09.570Z",
    "duration": 4796,
    "testsRegistered": 2,
    "passPercent": 100,
    "pendingPercent": 0,
    "other": 0,
    "hasOther": false,
    "skipped": 0,
    "hasSkipped": false
  },
  "results": [
    {
      "uuid": "cd65979e-a515-498e-9e6c-78e1758b0d6e",
      "title": "",
      "fullFile": "cypress/e2e/login.cy.js",
      "file": "cypress/e2e/login.cy.js",
      "beforeHooks": [],
      "afterHooks": [],
      "tests": [],
      "suites": [
        {
          "uuid": "5fcdd2fe-6e60-4fc9-90b9-b4ff42c8a85a",
          "title": "Login Feature",
          "fullFile": "",
          "file": "",
          "beforeHooks": [],
          "afterHooks": [],
          "tests": [
            {
              "title": "Verify User Can Login with right Credentials",
              "fullTitle": "Login Feature Verify User Can Login with right Credentials",
              "timedOut": null,
              "duration": 3111,
              "state": "passed",
              "speed": "fast",
              "pass": true,
              "fail": false,
              "pending": false,
              "context": null,
              "code": "cy.visit('/');\ncy.get('[src=\"/web/images/ohrm_branding.png?v=1711595107870\"]').should('be.visible');\ncy.get('[placeholder=\"Username\"]').type('Admin');\ncy.get('[placeholder=\"Password\"]').type('admin123');\ncy.get('[type=\"submit\"]').click();\ncy.url().should('include', 'dashboard');",
              "err": {},
              "uuid": "70c61ba9-30cb-4a32-bf6a-f9e6bee211a8",
              "parentUUID": "5fcdd2fe-6e60-4fc9-90b9-b4ff42c8a85a",
              "isHook": false,
              "skipped": false
            },
            {
              "title": "Verify User Cannot Login with wrong Credentials",
              "fullTitle": "Login Feature Verify User Cannot Login with wrong Credentials",
              "timedOut": null,
              "duration": 1655,
              "state": "passed",
              "speed": "fast",
              "pass": true,
              "fail": false,
              "pending": false,
              "context": null,
              "code": "cy.visit('/');\ncy.get('[src=\"/web/images/ohrm_branding.png?v=1711595107870\"]').should('be.visible');\ncy.get('[placeholder=\"Username\"]').type('Admin123');\ncy.get('[placeholder=\"Password\"]').type('admin123');\ncy.get('[type=\"submit\"]').click();\ncy.url().should('include', 'auth/login');",
              "err": {},
              "uuid": "d4df4b84-7c0b-43c1-81e6-53e6379582ff",
              "parentUUID": "5fcdd2fe-6e60-4fc9-90b9-b4ff42c8a85a",
              "isHook": false,
              "skipped": false
            }
          ],
          "suites": [],
          "passes": [
            "70c61ba9-30cb-4a32-bf6a-f9e6bee211a8",
            "d4df4b84-7c0b-43c1-81e6-53e6379582ff"
          ],
          "failures": [],
          "pending": [],
          "skipped": [],
          "duration": 4766,
          "root": false,
          "rootEmpty": false,
          "_timeout": 2000
        }
      ],
      "passes": [],
      "failures": [],
      "pending": [],
      "skipped": [],
      "duration": 0,
      "root": true,
      "rootEmpty": true,
      "_timeout": 2000
    }
  ],
  "meta": {
    "mocha": {
      "version": "7.0.1"
    },
    "mochawesome": {
      "options": {
        "quiet": false,
        "reportFilename": "mochawesome",
        "saveHtml": false,
        "saveJson": true,
        "consoleReporter": "spec",
        "useInlineDiffs": false,
        "code": true
      },
      "version": "7.1.3"
    },
    "marge": {
      "options": {
        "id": "default",
        "reportDir": "cypress/results/mochawesome",
        "quite": true,
        "overwrite": false,
        "html": false,
        "json": true
      },
      "version": "6.2.0"
    }
  }
}